<?xml version="1.0" encoding="UTF-8"?>
<!-- Generated by org.testng.reporters.JUnitReportReporter -->
<testsuite hostname="Ninad-Legion" failures="0" tests="3" name="demo.tests.AddToCartTest" time="13.677" errors="0" timestamp="2023-10-16T17:58:12 IST" skipped="0">
  <testcase classname="demo.tests.AddToCartTest" name="invalidLoginTest" time="2.447"/>
  <system-out/>
  <testcase classname="demo.tests.AddToCartTest" name="loginTest" time="2.570"/>
  <system-out/>
  <testcase classname="demo.tests.AddToCartTest" name="addProductToCartTest" time="8.660"/>
  <system-out/>
</testsuite> <!-- demo.tests.AddToCartTest -->
