<?xml version="1.0" encoding="UTF-8"?>
<!-- Generated by org.testng.reporters.JUnitReportReporter -->
<testsuite hostname="Ninad-Legion" failures="0" tests="3" name="demo.RemoveFromCartFlow" time="10.612" errors="0" timestamp="2023-10-13T14:31:57 IST" skipped="0">
  <testcase classname="demo.RemoveFromCartFlow" name="loginTest" time="2.474"/>
  <system-out/>
  <testcase classname="demo.RemoveFromCartFlow" name="addProductToCartTest" time="7.911"/>
  <system-out/>
  <testcase classname="demo.RemoveFromCartFlow" name="removeProductFromCartTest" time="0.227"/>
  <system-out/>
</testsuite> <!-- demo.RemoveFromCartFlow -->
