<?xml version="1.0" encoding="UTF-8"?>
<!-- Generated by org.testng.reporters.JUnitReportReporter -->
<testsuite hostname="Ninad-Legion" failures="0" tests="3" name="demo.tests.RemoveFromCartFlow" time="11.189" errors="0" timestamp="2023-10-16T17:58:12 IST" skipped="0">
  <testcase classname="demo.tests.RemoveFromCartFlow" name="loginTest" time="3.115"/>
  <system-out/>
  <testcase classname="demo.tests.RemoveFromCartFlow" name="removeProductFromCartTest" time="0.157"/>
  <system-out/>
  <testcase classname="demo.tests.RemoveFromCartFlow" name="addProductToCartTest" time="7.917"/>
  <system-out/>
</testsuite> <!-- demo.tests.RemoveFromCartFlow -->
