<?xml version="1.0" encoding="UTF-8"?>
<!-- Generated by org.testng.reporters.JUnitReportReporter -->
<testsuite hostname="Ninad-Legion" failures="0" tests="3" name="demo.AddToCartTest" time="13.426" errors="0" timestamp="2023-10-13T14:31:57 IST" skipped="0">
  <testcase classname="demo.AddToCartTest" name="invalidLoginTest" time="2.336"/>
  <system-out/>
  <testcase classname="demo.AddToCartTest" name="loginTest" time="2.390"/>
  <system-out/>
  <testcase classname="demo.AddToCartTest" name="addProductToCartTest" time="8.700"/>
  <system-out/>
</testsuite> <!-- demo.AddToCartTest -->
