<?xml version="1.0" encoding="UTF-8"?>
<!-- Generated by org.testng.reporters.JUnitReportReporter -->
<testsuite hostname="Ninad-Legion" failures="0" tests="3" name="demo.AddToCartDataProviderTest" time="13.491" errors="0" timestamp="2023-10-13T14:33:18 IST" skipped="0">
  <testcase classname="demo.AddToCartDataProviderTest" name="addProductToCartTest" time="8.715"/>
  <system-out/>
  <testcase classname="demo.AddToCartDataProviderTest" name="invalidLoginTest" time="2.356"/>
  <system-out/>
  <testcase classname="demo.AddToCartDataProviderTest" name="loginTest" time="2.420"/>
  <system-out/>
</testsuite> <!-- demo.AddToCartDataProviderTest -->
