<?xml version="1.0" encoding="UTF-8"?>
<!-- Generated by org.testng.reporters.JUnitReportReporter -->
<testsuite hostname="Ninad-Legion" failures="0" tests="3" name="demo.tests.AddToCartDataProviderTest" time="13.981" errors="0" timestamp="2023-10-16T17:58:12 IST" skipped="0">
  <testcase classname="demo.tests.AddToCartDataProviderTest" name="addProductToCartTest" time="8.632"/>
  <system-out/>
  <testcase classname="demo.tests.AddToCartDataProviderTest" name="invalidLoginTest" time="2.922"/>
  <system-out/>
  <testcase classname="demo.tests.AddToCartDataProviderTest" name="loginTest" time="2.427"/>
  <system-out/>
</testsuite> <!-- demo.tests.AddToCartDataProviderTest -->
