<?xml version="1.0" encoding="UTF-8"?>
<!-- Generated by org.testng.reporters.JUnitReportReporter -->
<testsuite hostname="Ninad-Legion" failures="0" tests="3" name="demo.tests.AddToCartTest" time="15.918" errors="0" timestamp="2023-10-22T13:22:23 IST" skipped="0">
  <testcase classname="demo.tests.AddToCartTest" name="invalidLoginTest" time="2.787"/>
  <system-out/>
  <testcase classname="demo.tests.AddToCartTest" name="loginTest" time="3.285"/>
  <system-out/>
  <testcase classname="demo.tests.AddToCartTest" name="addProductToCartTest" time="9.846"/>
  <system-out/>
</testsuite> <!-- demo.tests.AddToCartTest -->
