<?xml version="1.0" encoding="UTF-8"?>
<!-- Generated by org.testng.reporters.JUnitReportReporter -->
<testsuite hostname="Ninad-Legion" failures="0" tests="3" name="demo.tests.AddToCartDataProviderTest" time="15.495" errors="0" timestamp="2023-10-22T13:22:23 IST" skipped="0">
  <testcase classname="demo.tests.AddToCartDataProviderTest" name="addProductToCartTest" time="9.887"/>
  <system-out/>
  <testcase classname="demo.tests.AddToCartDataProviderTest" name="invalidLoginTest" time="2.841"/>
  <system-out/>
  <testcase classname="demo.tests.AddToCartDataProviderTest" name="loginTest" time="2.767"/>
  <system-out/>
</testsuite> <!-- demo.tests.AddToCartDataProviderTest -->
